<?xml version="1.0" encoding="UTF-8" ?>
<testsuite 
errors="0" failures="0" hostname="RARO_NET" name="org.scalatest.tools.DiscoverySuite" tests="0" time="0.011" timestamp="2016-03-12T13:21:13">
  <properties>
    <property name="java.runtime.name" value="Java(TM) SE Runtime Environment">
    </property>
    <property 
    name="sun.boot.library.path" value="C:\Program Files\Java\jre1.8.0_25\bin">
</property>
    <property name="java.vm.version" value="25.25-b02"> </property>
    <property name="java.vm.vendor" value="Oracle Corporation"> </property>
    <property name="java.vendor.url" value="http://java.oracle.com/">
    </property>
    <property name="path.separator" value=";"> </property>
    <property name="java.vm.name" value="Java HotSpot(TM) 64-Bit Server VM">
    </property>
    <property name="file.encoding.pkg" value="sun.io"> </property>
    <property name="user.script" value=""> </property>
    <property name="user.country" value="US"> </property>
    <property name="sun.java.launcher" value="SUN_STANDARD"> </property>
    <property name="sun.os.patch.level" value=""> </property>
    <property 
    name="java.vm.specification.name" value="Java Virtual Machine Specification">
</property>
    <property name="user.dir" value="C:\My_Programs\javaPractice"> </property>
    <property name="java.runtime.version" value="1.8.0_25-b18"> </property>
    <property 
    name="java.awt.graphicsenv" value="sun.awt.Win32GraphicsEnvironment">
</property>
    <property name="basedir" value="C:\My_Programs\javaPractice"> </property>
    <property 
    name="java.endorsed.dirs" value="C:\Program Files\Java\jre1.8.0_25\lib\endorsed">
</property>
    <property name="os.arch" value="amd64"> </property>
    <property name="java.io.tmpdir" value="C:\Users\rahul\AppData\Local\Temp\">
    </property>
    <property name="line.separator" value=" "> </property>
    <property name="java.vm.specification.vendor" value="Oracle Corporation">
    </property>
    <property name="user.variant" value=""> </property>
    <property name="os.name" value="Windows 8.1"> </property>
    <property name="sun.jnu.encoding" value="Cp1252"> </property>
    <property 
    name="java.library.path" value="C:\ProgramData\Oracle\Java\javapath;C:\WINDOWS\Sun\Java\bin;C:\WINDOWS\system32;C:\WINDOWS;C:\Program Files\NVIDIA GPU Computing Toolkit\CUDA\v5.5\bin;C:\Program Files\NVIDIA GPU Computing Toolkit\CUDA\v5.5\libnvvp;C:\ProgramData\Oracle\Java\javapath;C:\Program Files (x86)\Intel\iCLS Client\;C:\Program Files\Intel\iCLS Client\;C:\Windows\system32;C:\Windows;C:\Windows\System32\Wbem;C:\Windows\System32\WindowsPowerShell\v1.0\;C:\Program Files\Intel\Intel(R) Management Engine Components\DAL;C:\Program Files (x86)\Intel\Intel(R) Management Engine Components\DAL;C:\Program Files\Intel\Intel(R) Management Engine Components\IPT;C:\Program Files (x86)\Intel\Intel(R) Management Engine Components\IPT;C:\Program Files (x86)\MySQL\MySQL Utilities\;C:\Program Files (x86)\MySQL\MySQL Utilities\Doctrine extensions for PHP\;C:\Program Files (x86)\scala\bin;C:\Program Files (x86)\sbt\\bin;C:\Users\rahul\.dnx\bin;C:\Program Files\Microsoft DNX\Dnvm\;C:\WINDOWS\system32;C:\WINDOWS;C:\WINDOWS\System32\Wbem;C:\WINDOWS\System32\WindowsPowerShell\v1.0\;C:\Program Files\Microsoft Windows Performance Toolkit\;C:\WINDOWS\system32\config\systemprofile\.dnx\bin;C:\Program Files\Microsoft SQL Server\Client SDK\ODBC\110\Tools\Binn\;C:\Program Files (x86)\Microsoft SQL Server\120\Tools\Binn\ManagementStudio\;C:\Program Files (x86)\Microsoft SQL Server\120\Tools\Binn\;C:\Program Files\Microsoft SQL Server\120\Tools\Binn\;C:\Program Files (x86)\Microsoft SQL Server\120\DTS\Binn\;C:\Program Files\Microsoft SQL Server\120\DTS\Binn\;c:\Program Files (x86)\Microsoft SQL Server\110\Tools\Binn\;c:\Program Files\Microsoft SQL Server\110\Tools\Binn\;c:\Program Files\Microsoft SQL Server\110\DTS\Binn\;C:\Users\rahul\Downloads\WinPython-64bit-3.4.3.4;C:\Users\rahul\Downloads\WinPython-64bit-3.4.3.4\Scripts;C:\Users\rahul\Desktop\WinPython-64bit-3.4.3.6\python-3.4.3.amd64\Scripts;.">
</property>
    <property 
    name="java.specification.name" value="Java Platform API Specification">
</property>
    <property name="java.class.version" value="52.0"> </property>
    <property 
    name="sun.management.compiler" value="HotSpot 64-Bit Tiered Compilers">
</property>
    <property name="os.version" value="6.3"> </property>
    <property name="user.home" value="C:\Users\rahul"> </property>
    <property name="user.timezone" value="America/Los_Angeles"> </property>
    <property name="java.awt.printerjob" value="sun.awt.windows.WPrinterJob">
    </property>
    <property name="file.encoding" value="Cp1252"> </property>
    <property name="java.specification.version" value="1.8"> </property>
    <property name="user.name" value="rahul"> </property>
    <property 
    name="java.class.path" value="C:\My_Programs\javaPractice\target\test-classes;C:\My_Programs\javaPractice\target\classes;C:\Users\rahul\.m2\repository\junit\junit\4.12\junit-4.12.jar;C:\Users\rahul\.m2\repository\org\hamcrest\hamcrest-core\1.3\hamcrest-core-1.3.jar;C:\Users\rahul\.m2\repository\org\scala-lang\scala-library\2.11.7\scala-library-2.11.7.jar;C:\Users\rahul\.m2\repository\org\apache\spark\spark-core_2.11\1.5.2\spark-core_2.11-1.5.2.jar;C:\Users\rahul\.m2\repository\org\apache\avro\avro-mapred\1.7.7\avro-mapred-1.7.7-hadoop2.jar;C:\Users\rahul\.m2\repository\org\apache\avro\avro-ipc\1.7.7\avro-ipc-1.7.7.jar;C:\Users\rahul\.m2\repository\org\apache\avro\avro-ipc\1.7.7\avro-ipc-1.7.7-tests.jar;C:\Users\rahul\.m2\repository\com\twitter\chill_2.11\0.5.0\chill_2.11-0.5.0.jar;C:\Users\rahul\.m2\repository\com\esotericsoftware\kryo\kryo\2.21\kryo-2.21.jar;C:\Users\rahul\.m2\repository\com\esotericsoftware\reflectasm\reflectasm\1.07\reflectasm-1.07-shaded.jar;C:\Users\rahul\.m2\repository\com\esotericsoftware\minlog\minlog\1.2\minlog-1.2.jar;C:\Users\rahul\.m2\repository\com\twitter\chill-java\0.5.0\chill-java-0.5.0.jar;C:\Users\rahul\.m2\repository\org\apache\spark\spark-launcher_2.11\1.5.2\spark-launcher_2.11-1.5.2.jar;C:\Users\rahul\.m2\repository\org\apache\spark\spark-network-common_2.11\1.5.2\spark-network-common_2.11-1.5.2.jar;C:\Users\rahul\.m2\repository\org\apache\spark\spark-network-shuffle_2.11\1.5.2\spark-network-shuffle_2.11-1.5.2.jar;C:\Users\rahul\.m2\repository\org\apache\spark\spark-unsafe_2.11\1.5.2\spark-unsafe_2.11-1.5.2.jar;C:\Users\rahul\.m2\repository\net\java\dev\jets3t\jets3t\0.7.1\jets3t-0.7.1.jar;C:\Users\rahul\.m2\repository\commons-httpclient\commons-httpclient\3.1\commons-httpclient-3.1.jar;C:\Users\rahul\.m2\repository\org\apache\curator\curator-recipes\2.4.0\curator-recipes-2.4.0.jar;C:\Users\rahul\.m2\repository\org\apache\curator\curator-framework\2.4.0\curator-framework-2.4.0.jar;C:\Users\rahul\.m2\repository\org\apache\zookeeper\zookeeper\3.4.5\zookeeper-3.4.5.jar;C:\Users\rahul\.m2\repository\jline\jline\0.9.94\jline-0.9.94.jar;C:\Users\rahul\.m2\repository\org\eclipse\jetty\orbit\javax.servlet\3.0.0.v201112011016\javax.servlet-3.0.0.v201112011016.jar;C:\Users\rahul\.m2\repository\org\apache\commons\commons-lang3\3.3.2\commons-lang3-3.3.2.jar;C:\Users\rahul\.m2\repository\org\apache\commons\commons-math3\3.4.1\commons-math3-3.4.1.jar;C:\Users\rahul\.m2\repository\com\google\code\findbugs\jsr305\1.3.9\jsr305-1.3.9.jar;C:\Users\rahul\.m2\repository\org\slf4j\slf4j-api\1.7.10\slf4j-api-1.7.10.jar;C:\Users\rahul\.m2\repository\org\slf4j\jul-to-slf4j\1.7.10\jul-to-slf4j-1.7.10.jar;C:\Users\rahul\.m2\repository\org\slf4j\jcl-over-slf4j\1.7.10\jcl-over-slf4j-1.7.10.jar;C:\Users\rahul\.m2\repository\log4j\log4j\1.2.17\log4j-1.2.17.jar;C:\Users\rahul\.m2\repository\org\slf4j\slf4j-log4j12\1.7.10\slf4j-log4j12-1.7.10.jar;C:\Users\rahul\.m2\repository\com\ning\compress-lzf\1.0.3\compress-lzf-1.0.3.jar;C:\Users\rahul\.m2\repository\org\xerial\snappy\snappy-java\1.1.1.7\snappy-java-1.1.1.7.jar;C:\Users\rahul\.m2\repository\net\jpountz\lz4\lz4\1.3.0\lz4-1.3.0.jar;C:\Users\rahul\.m2\repository\org\roaringbitmap\RoaringBitmap\0.4.5\RoaringBitmap-0.4.5.jar;C:\Users\rahul\.m2\repository\commons-net\commons-net\2.2\commons-net-2.2.jar;C:\Users\rahul\.m2\repository\com\typesafe\akka\akka-remote_2.11\2.3.11\akka-remote_2.11-2.3.11.jar;C:\Users\rahul\.m2\repository\com\typesafe\akka\akka-actor_2.11\2.3.11\akka-actor_2.11-2.3.11.jar;C:\Users\rahul\.m2\repository\com\typesafe\config\1.2.1\config-1.2.1.jar;C:\Users\rahul\.m2\repository\io\netty\netty\3.8.0.Final\netty-3.8.0.Final.jar;C:\Users\rahul\.m2\repository\org\uncommons\maths\uncommons-maths\1.2.2a\uncommons-maths-1.2.2a.jar;C:\Users\rahul\.m2\repository\com\typesafe\akka\akka-slf4j_2.11\2.3.11\akka-slf4j_2.11-2.3.11.jar;C:\Users\rahul\.m2\repository\org\json4s\json4s-jackson_2.11\3.2.10\json4s-jackson_2.11-3.2.10.jar;C:\Users\rahul\.m2\repository\org\json4s\json4s-core_2.11\3.2.10\json4s-core_2.11-3.2.10.jar;C:\Users\rahul\.m2\repository\org\json4s\json4s-ast_2.11\3.2.10\json4s-ast_2.11-3.2.10.jar;C:\Users\rahul\.m2\repository\org\scala-lang\scalap\2.11.0\scalap-2.11.0.jar;C:\Users\rahul\.m2\repository\org\scala-lang\scala-compiler\2.11.0\scala-compiler-2.11.0.jar;C:\Users\rahul\.m2\repository\org\scala-lang\modules\scala-parser-combinators_2.11\1.0.1\scala-parser-combinators_2.11-1.0.1.jar;C:\Users\rahul\.m2\repository\com\sun\jersey\jersey-server\1.9\jersey-server-1.9.jar;C:\Users\rahul\.m2\repository\asm\asm\3.1\asm-3.1.jar;C:\Users\rahul\.m2\repository\com\sun\jersey\jersey-core\1.9\jersey-core-1.9.jar;C:\Users\rahul\.m2\repository\org\apache\mesos\mesos\0.21.1\mesos-0.21.1-shaded-protobuf.jar;C:\Users\rahul\.m2\repository\io\netty\netty-all\4.0.29.Final\netty-all-4.0.29.Final.jar;C:\Users\rahul\.m2\repository\com\clearspring\analytics\stream\2.7.0\stream-2.7.0.jar;C:\Users\rahul\.m2\repository\io\dropwizard\metrics\metrics-core\3.1.2\metrics-core-3.1.2.jar;C:\Users\rahul\.m2\repository\io\dropwizard\metrics\metrics-jvm\3.1.2\metrics-jvm-3.1.2.jar;C:\Users\rahul\.m2\repository\io\dropwizard\metrics\metrics-json\3.1.2\metrics-json-3.1.2.jar;C:\Users\rahul\.m2\repository\io\dropwizard\metrics\metrics-graphite\3.1.2\metrics-graphite-3.1.2.jar;C:\Users\rahul\.m2\repository\com\fasterxml\jackson\core\jackson-databind\2.4.4\jackson-databind-2.4.4.jar;C:\Users\rahul\.m2\repository\com\fasterxml\jackson\core\jackson-annotations\2.4.0\jackson-annotations-2.4.0.jar;C:\Users\rahul\.m2\repository\com\fasterxml\jackson\core\jackson-core\2.4.4\jackson-core-2.4.4.jar;C:\Users\rahul\.m2\repository\com\fasterxml\jackson\module\jackson-module-scala_2.11\2.4.4\jackson-module-scala_2.11-2.4.4.jar;C:\Users\rahul\.m2\repository\com\thoughtworks\paranamer\paranamer\2.6\paranamer-2.6.jar;C:\Users\rahul\.m2\repository\org\apache\ivy\ivy\2.4.0\ivy-2.4.0.jar;C:\Users\rahul\.m2\repository\oro\oro\2.0.8\oro-2.0.8.jar;C:\Users\rahul\.m2\repository\org\tachyonproject\tachyon-client\0.7.1\tachyon-client-0.7.1.jar;C:\Users\rahul\.m2\repository\org\apache\curator\curator-client\2.1.0-incubating\curator-client-2.1.0-incubating.jar;C:\Users\rahul\.m2\repository\org\tachyonproject\tachyon-underfs-hdfs\0.7.1\tachyon-underfs-hdfs-0.7.1.jar;C:\Users\rahul\.m2\repository\org\tachyonproject\tachyon-underfs-local\0.7.1\tachyon-underfs-local-0.7.1.jar;C:\Users\rahul\.m2\repository\net\razorvine\pyrolite\4.4\pyrolite-4.4.jar;C:\Users\rahul\.m2\repository\net\sf\py4j\py4j\0.8.2.1\py4j-0.8.2.1.jar;C:\Users\rahul\.m2\repository\org\spark-project\spark\unused\1.0.0\unused-1.0.0.jar;C:\Users\rahul\.m2\repository\org\apache\spark\spark-sql_2.11\1.5.2\spark-sql_2.11-1.5.2.jar;C:\Users\rahul\.m2\repository\org\apache\spark\spark-catalyst_2.11\1.5.2\spark-catalyst_2.11-1.5.2.jar;C:\Users\rahul\.m2\repository\org\codehaus\janino\janino\2.7.8\janino-2.7.8.jar;C:\Users\rahul\.m2\repository\org\codehaus\janino\commons-compiler\2.7.8\commons-compiler-2.7.8.jar;C:\Users\rahul\.m2\repository\org\apache\parquet\parquet-column\1.7.0\parquet-column-1.7.0.jar;C:\Users\rahul\.m2\repository\org\apache\parquet\parquet-common\1.7.0\parquet-common-1.7.0.jar;C:\Users\rahul\.m2\repository\org\apache\parquet\parquet-encoding\1.7.0\parquet-encoding-1.7.0.jar;C:\Users\rahul\.m2\repository\org\apache\parquet\parquet-generator\1.7.0\parquet-generator-1.7.0.jar;C:\Users\rahul\.m2\repository\org\apache\parquet\parquet-hadoop\1.7.0\parquet-hadoop-1.7.0.jar;C:\Users\rahul\.m2\repository\org\apache\parquet\parquet-format\2.3.0-incubating\parquet-format-2.3.0-incubating.jar;C:\Users\rahul\.m2\repository\org\apache\parquet\parquet-jackson\1.7.0\parquet-jackson-1.7.0.jar;C:\Users\rahul\.m2\repository\org\apache\hadoop\hadoop-client\2.4.0\hadoop-client-2.4.0.jar;C:\Users\rahul\.m2\repository\org\apache\hadoop\hadoop-common\2.4.0\hadoop-common-2.4.0.jar;C:\Users\rahul\.m2\repository\commons-collections\commons-collections\3.2.1\commons-collections-3.2.1.jar;C:\Users\rahul\.m2\repository\commons-configuration\commons-configuration\1.6\commons-configuration-1.6.jar;C:\Users\rahul\.m2\repository\commons-digester\commons-digester\1.8\commons-digester-1.8.jar;C:\Users\rahul\.m2\repository\commons-beanutils\commons-beanutils\1.7.0\commons-beanutils-1.7.0.jar;C:\Users\rahul\.m2\repository\commons-beanutils\commons-beanutils-core\1.8.0\commons-beanutils-core-1.8.0.jar;C:\Users\rahul\.m2\repository\org\apache\avro\avro\1.7.4\avro-1.7.4.jar;C:\Users\rahul\.m2\repository\org\apache\hadoop\hadoop-auth\2.4.0\hadoop-auth-2.4.0.jar;C:\Users\rahul\.m2\repository\org\apache\httpcomponents\httpclient\4.2.5\httpclient-4.2.5.jar;C:\Users\rahul\.m2\repository\org\apache\httpcomponents\httpcore\4.2.4\httpcore-4.2.4.jar;C:\Users\rahul\.m2\repository\org\apache\commons\commons-compress\1.4.1\commons-compress-1.4.1.jar;C:\Users\rahul\.m2\repository\org\tukaani\xz\1.0\xz-1.0.jar;C:\Users\rahul\.m2\repository\org\apache\hadoop\hadoop-mapreduce-client-app\2.4.0\hadoop-mapreduce-client-app-2.4.0.jar;C:\Users\rahul\.m2\repository\org\apache\hadoop\hadoop-mapreduce-client-common\2.4.0\hadoop-mapreduce-client-common-2.4.0.jar;C:\Users\rahul\.m2\repository\org\apache\hadoop\hadoop-yarn-client\2.4.0\hadoop-yarn-client-2.4.0.jar;C:\Users\rahul\.m2\repository\com\sun\jersey\jersey-client\1.9\jersey-client-1.9.jar;C:\Users\rahul\.m2\repository\org\apache\hadoop\hadoop-yarn-server-common\2.4.0\hadoop-yarn-server-common-2.4.0.jar;C:\Users\rahul\.m2\repository\org\apache\hadoop\hadoop-mapreduce-client-shuffle\2.4.0\hadoop-mapreduce-client-shuffle-2.4.0.jar;C:\Users\rahul\.m2\repository\org\apache\hadoop\hadoop-yarn-api\2.4.0\hadoop-yarn-api-2.4.0.jar;C:\Users\rahul\.m2\repository\org\apache\hadoop\hadoop-mapreduce-client-core\2.4.0\hadoop-mapreduce-client-core-2.4.0.jar;C:\Users\rahul\.m2\repository\org\apache\hadoop\hadoop-yarn-common\2.4.0\hadoop-yarn-common-2.4.0.jar;C:\Users\rahul\.m2\repository\javax\xml\bind\jaxb-api\2.2.2\jaxb-api-2.2.2.jar;C:\Users\rahul\.m2\repository\javax\xml\stream\stax-api\1.0-2\stax-api-1.0-2.jar;C:\Users\rahul\.m2\repository\javax\activation\activation\1.1\activation-1.1.jar;C:\Users\rahul\.m2\repository\org\apache\hadoop\hadoop-mapreduce-client-jobclient\2.4.0\hadoop-mapreduce-client-jobclient-2.4.0.jar;C:\Users\rahul\.m2\repository\org\apache\hadoop\hadoop-annotations\2.4.0\hadoop-annotations-2.4.0.jar;C:\Users\rahul\.m2\repository\org\apache\hadoop\hadoop-hdfs\2.4.0\hadoop-hdfs-2.4.0.jar;C:\Users\rahul\.m2\repository\com\google\guava\guava\11.0.2\guava-11.0.2.jar;C:\Users\rahul\.m2\repository\org\mortbay\jetty\jetty\6.1.26\jetty-6.1.26.jar;C:\Users\rahul\.m2\repository\org\mortbay\jetty\jetty-util\6.1.26\jetty-util-6.1.26.jar;C:\Users\rahul\.m2\repository\commons-cli\commons-cli\1.2\commons-cli-1.2.jar;C:\Users\rahul\.m2\repository\commons-codec\commons-codec\1.4\commons-codec-1.4.jar;C:\Users\rahul\.m2\repository\commons-io\commons-io\2.4\commons-io-2.4.jar;C:\Users\rahul\.m2\repository\commons-lang\commons-lang\2.6\commons-lang-2.6.jar;C:\Users\rahul\.m2\repository\commons-logging\commons-logging\1.1.3\commons-logging-1.1.3.jar;C:\Users\rahul\.m2\repository\commons-daemon\commons-daemon\1.0.13\commons-daemon-1.0.13.jar;C:\Users\rahul\.m2\repository\javax\servlet\jsp\jsp-api\2.1\jsp-api-2.1.jar;C:\Users\rahul\.m2\repository\com\google\protobuf\protobuf-java\2.5.0\protobuf-java-2.5.0.jar;C:\Users\rahul\.m2\repository\javax\servlet\servlet-api\2.5\servlet-api-2.5.jar;C:\Users\rahul\.m2\repository\org\codehaus\jackson\jackson-core-asl\1.8.8\jackson-core-asl-1.8.8.jar;C:\Users\rahul\.m2\repository\org\codehaus\jackson\jackson-mapper-asl\1.8.8\jackson-mapper-asl-1.8.8.jar;C:\Users\rahul\.m2\repository\tomcat\jasper-runtime\5.5.23\jasper-runtime-5.5.23.jar;C:\Users\rahul\.m2\repository\commons-el\commons-el\1.0\commons-el-1.0.jar;C:\Users\rahul\.m2\repository\xmlenc\xmlenc\0.52\xmlenc-0.52.jar;C:\Users\rahul\.m2\repository\net\sourceforge\jtds\jtds\1.3.1\jtds-1.3.1.jar;C:\Users\rahul\.m2\repository\org\scalatest\scalatest_2.11\2.2.5\scalatest_2.11-2.2.5.jar;C:\Users\rahul\.m2\repository\org\scala-lang\scala-reflect\2.11.2\scala-reflect-2.11.2.jar;C:\Users\rahul\.m2\repository\org\scala-lang\modules\scala-xml_2.11\1.0.2\scala-xml_2.11-1.0.2.jar;C:\Users\rahul\.m2\repository\org\hamcrest\hamcrest-all\1.3\hamcrest-all-1.3.jar;C:\Users\rahul\.m2\repository\org\mockito\mockito-core\1.10.19\mockito-core-1.10.19.jar;C:\Users\rahul\.m2\repository\org\objenesis\objenesis\2.1\objenesis-2.1.jar;C:\Users\rahul\.m2\repository\org\openjdk\jmh\jmh-core\1.11.1\jmh-core-1.11.1.jar;C:\Users\rahul\.m2\repository\net\sf\jopt-simple\jopt-simple\4.6\jopt-simple-4.6.jar;C:\Users\rahul\.m2\repository\net\sf\opencsv\opencsv\2.3\opencsv-2.3.jar;C:\Users\rahul\.m2\repository\com\databricks\spark-csv_2.10\1.1.0\spark-csv_2.10-1.1.0.jar;C:\Users\rahul\.m2\repository\org\apache\commons\commons-csv\1.1\commons-csv-1.1.jar;C:\Users\rahul\.m2\repository\com\univocity\univocity-parsers\1.5.1\univocity-parsers-1.5.1.jar;C:\Users\rahul\.m2\repository\org\apache\spark\spark-mllib_2.10\1.5.2\spark-mllib_2.10-1.5.2.jar;C:\Users\rahul\.m2\repository\org\apache\spark\spark-core_2.10\1.5.2\spark-core_2.10-1.5.2.jar;C:\Users\rahul\.m2\repository\com\twitter\chill_2.10\0.5.0\chill_2.10-0.5.0.jar;C:\Users\rahul\.m2\repository\org\apache\spark\spark-launcher_2.10\1.5.2\spark-launcher_2.10-1.5.2.jar;C:\Users\rahul\.m2\repository\org\apache\spark\spark-network-common_2.10\1.5.2\spark-network-common_2.10-1.5.2.jar;C:\Users\rahul\.m2\repository\org\apache\spark\spark-network-shuffle_2.10\1.5.2\spark-network-shuffle_2.10-1.5.2.jar;C:\Users\rahul\.m2\repository\org\apache\spark\spark-unsafe_2.10\1.5.2\spark-unsafe_2.10-1.5.2.jar;C:\Users\rahul\.m2\repository\com\typesafe\akka\akka-remote_2.10\2.3.11\akka-remote_2.10-2.3.11.jar;C:\Users\rahul\.m2\repository\com\typesafe\akka\akka-actor_2.10\2.3.11\akka-actor_2.10-2.3.11.jar;C:\Users\rahul\.m2\repository\com\typesafe\akka\akka-slf4j_2.10\2.3.11\akka-slf4j_2.10-2.3.11.jar;C:\Users\rahul\.m2\repository\org\json4s\json4s-jackson_2.10\3.2.10\json4s-jackson_2.10-3.2.10.jar;C:\Users\rahul\.m2\repository\org\json4s\json4s-core_2.10\3.2.10\json4s-core_2.10-3.2.10.jar;C:\Users\rahul\.m2\repository\org\json4s\json4s-ast_2.10\3.2.10\json4s-ast_2.10-3.2.10.jar;C:\Users\rahul\.m2\repository\com\fasterxml\jackson\module\jackson-module-scala_2.10\2.4.4\jackson-module-scala_2.10-2.4.4.jar;C:\Users\rahul\.m2\repository\org\apache\spark\spark-streaming_2.10\1.5.2\spark-streaming_2.10-1.5.2.jar;C:\Users\rahul\.m2\repository\org\apache\spark\spark-sql_2.10\1.5.2\spark-sql_2.10-1.5.2.jar;C:\Users\rahul\.m2\repository\org\apache\spark\spark-catalyst_2.10\1.5.2\spark-catalyst_2.10-1.5.2.jar;C:\Users\rahul\.m2\repository\org\apache\spark\spark-graphx_2.10\1.5.2\spark-graphx_2.10-1.5.2.jar;C:\Users\rahul\.m2\repository\com\github\fommil\netlib\core\1.1.2\core-1.1.2.jar;C:\Users\rahul\.m2\repository\net\sourceforge\f2j\arpack_combined_all\0.1\arpack_combined_all-0.1.jar;C:\Users\rahul\.m2\repository\org\scalanlp\breeze_2.10\0.11.2\breeze_2.10-0.11.2.jar;C:\Users\rahul\.m2\repository\org\scalanlp\breeze-macros_2.10\0.11.2\breeze-macros_2.10-0.11.2.jar;C:\Users\rahul\.m2\repository\org\scalamacros\quasiquotes_2.10\2.0.0-M8\quasiquotes_2.10-2.0.0-M8.jar;C:\Users\rahul\.m2\repository\com\github\rwl\jtransforms\2.4.0\jtransforms-2.4.0.jar;C:\Users\rahul\.m2\repository\org\spire-math\spire_2.10\0.7.4\spire_2.10-0.7.4.jar;C:\Users\rahul\.m2\repository\org\spire-math\spire-macros_2.10\0.7.4\spire-macros_2.10-0.7.4.jar;C:\Users\rahul\.m2\repository\org\jpmml\pmml-model\1.1.15\pmml-model-1.1.15.jar;C:\Users\rahul\.m2\repository\org\jpmml\pmml-agent\1.1.15\pmml-agent-1.1.15.jar;C:\Users\rahul\.m2\repository\org\jpmml\pmml-schema\1.1.15\pmml-schema-1.1.15.jar;C:\Users\rahul\.m2\repository\com\sun\xml\bind\jaxb-impl\2.2.7\jaxb-impl-2.2.7.jar;C:\Users\rahul\.m2\repository\com\sun\xml\bind\jaxb-core\2.2.7\jaxb-core-2.2.7.jar">
</property>
    <property name="java.vm.specification.version" value="1.8"> </property>
    <property name="sun.arch.data.model" value="64"> </property>
    <property name="java.home" value="C:\Program Files\Java\jre1.8.0_25">
    </property>
    <property 
    name="sun.java.command" value="org.scalatest.tools.Runner -R C:\My_Programs\javaPractice\target\classes C:\My_Programs\javaPractice\target\test-classes -o -fWDF C:\My_Programs\javaPractice\target\surefire-reports\TestSuite.txt -u C:\My_Programs\javaPractice\target\surefire-reports\.">
</property>
    <property name="java.specification.vendor" value="Oracle Corporation">
    </property>
    <property name="user.language" value="en"> </property>
    <property name="awt.toolkit" value="sun.awt.windows.WToolkit"> </property>
    <property name="java.vm.info" value="mixed mode"> </property>
    <property name="java.version" value="1.8.0_25"> </property>
    <property 
    name="java.ext.dirs" value="C:\Program Files\Java\jre1.8.0_25\lib\ext;C:\WINDOWS\Sun\Java\lib\ext">
</property>
    <property 
    name="sun.boot.class.path" value="C:\Program Files\Java\jre1.8.0_25\lib\resources.jar;C:\Program Files\Java\jre1.8.0_25\lib\rt.jar;C:\Program Files\Java\jre1.8.0_25\lib\sunrsasign.jar;C:\Program Files\Java\jre1.8.0_25\lib\jsse.jar;C:\Program Files\Java\jre1.8.0_25\lib\jce.jar;C:\Program Files\Java\jre1.8.0_25\lib\charsets.jar;C:\Program Files\Java\jre1.8.0_25\lib\jfr.jar;C:\Program Files\Java\jre1.8.0_25\classes">
</property>
    <property name="java.vendor" value="Oracle Corporation"> </property>
    <property name="file.separator" value="\"> </property>
    <property 
    name="java.vendor.url.bug" value="http://bugreport.sun.com/bugreport/">
</property>
    <property name="sun.cpu.endian" value="little"> </property>
    <property name="sun.io.unicode.encoding" value="UnicodeLittle"> </property>
    <property name="sun.desktop" value="windows"> </property>
    <property name="sun.cpu.isalist" value="amd64"> </property>
  </properties>
  <system-out><![CDATA[]]></system-out>
  <system-err><![CDATA[]]></system-err>
</testsuite>
